TN:
SF:src\Applications\security\AuthenticationTokenManager.js
FN:3,(anonymous_0)
FN:7,(anonymous_1)
FN:11,(anonymous_2)
FN:15,(anonymous_3)
FNF:4
FNH:4
FNDA:1,(anonymous_0)
FNDA:1,(anonymous_1)
FNDA:1,(anonymous_2)
FNDA:1,(anonymous_3)
DA:4,1
DA:8,1
DA:12,1
DA:16,1
DA:20,5
LF:5
LH:5
BRF:0
BRH:0
end_of_record
TN:
SF:src\Applications\security\PasswordHash.js
FN:3,(anonymous_0)
FNF:1
FNH:1
FNDA:1,(anonymous_0)
DA:4,1
DA:8,7
LF:2
LH:2
BRF:0
BRH:0
end_of_record
TN:
SF:src\Applications\use_case\AddUserUseCase.js
FN:4,(anonymous_0)
FN:9,(anonymous_1)
FNF:2
FNH:2
FNDA:4,(anonymous_0)
FNDA:16,(anonymous_1)
DA:1,4
DA:5,4
DA:6,4
DA:10,16
DA:11,8
DA:12,5
DA:13,5
DA:17,4
LF:8
LH:8
BRF:0
BRH:0
end_of_record
TN:
SF:src\Applications\use_case\DeleteAuthenticationUseCase.js
FN:2,(anonymous_0)
FN:8,(anonymous_1)
FN:15,(anonymous_2)
FNF:3
FNH:3
FNDA:3,(anonymous_0)
FNDA:3,(anonymous_1)
FNDA:3,(anonymous_2)
DA:5,3
DA:9,3
DA:10,1
DA:11,1
DA:12,1
DA:16,3
DA:17,3
DA:18,1
DA:21,2
DA:22,1
DA:27,1
LF:11
LH:11
BRDA:17,0,0,1
BRDA:17,0,1,2
BRDA:21,1,0,1
BRDA:21,1,1,1
BRF:4
BRH:4
end_of_record
TN:
SF:src\Applications\use_case\LoginUserUseCase.js
FN:5,(anonymous_0)
FN:17,(anonymous_1)
FNF:2
FNH:2
FNDA:1,(anonymous_0)
FNDA:1,(anonymous_1)
DA:1,4
DA:2,4
DA:11,1
DA:12,1
DA:13,1
DA:14,1
DA:18,1
DA:20,1
DA:22,1
DA:24,1
DA:26,1
DA:28,1
DA:31,1
DA:36,1
DA:38,1
DA:42,4
LF:16
LH:16
BRF:0
BRH:0
end_of_record
TN:
SF:src\Applications\use_case\LogoutUserUseCase.js
FN:2,(anonymous_0)
FN:8,(anonymous_1)
FN:15,(anonymous_2)
FNF:3
FNH:3
FNDA:3,(anonymous_0)
FNDA:3,(anonymous_1)
FNDA:3,(anonymous_2)
DA:5,3
DA:9,3
DA:10,1
DA:11,1
DA:12,1
DA:16,3
DA:17,3
DA:18,1
DA:21,2
DA:22,1
DA:27,4
LF:11
LH:11
BRDA:17,0,0,1
BRDA:17,0,1,2
BRDA:21,1,0,1
BRDA:21,1,1,1
BRF:4
BRH:4
end_of_record
TN:
SF:src\Applications\use_case\RefreshAuthenticationUseCase.js
FN:2,(anonymous_0)
FN:10,(anonymous_1)
FN:22,(anonymous_2)
FNF:3
FNH:3
FNDA:3,(anonymous_0)
FNDA:3,(anonymous_1)
FNDA:3,(anonymous_2)
DA:6,3
DA:7,3
DA:11,3
DA:12,1
DA:14,1
DA:15,1
DA:17,1
DA:19,1
DA:23,3
DA:25,3
DA:26,1
DA:29,2
DA:30,1
DA:35,4
LF:14
LH:14
BRDA:25,0,0,1
BRDA:25,0,1,2
BRDA:29,1,0,1
BRDA:29,1,1,1
BRF:4
BRH:4
end_of_record
TN:
SF:src\Commons\config.js
FNF:0
FNH:0
DA:1,5
DA:2,5
DA:4,5
DA:5,5
DA:9,0
DA:12,5
DA:27,5
LF:7
LH:6
BRDA:4,0,0,5
BRDA:4,0,1,0
BRDA:14,1,0,5
BRDA:14,1,1,0
BRDA:16,2,0,0
BRDA:16,2,1,5
BRF:6
BRH:3
end_of_record
TN:
SF:src\Commons\exceptions\AuthenticationError.js
FN:4,(anonymous_0)
FNF:1
FNH:1
FNDA:1,(anonymous_0)
DA:1,1
DA:5,1
DA:6,1
DA:10,1
LF:4
LH:4
BRF:0
BRH:0
end_of_record
TN:
SF:src\Commons\exceptions\ClientError.js
FN:2,(anonymous_0)
FNF:1
FNH:1
FNDA:29,(anonymous_0)
DA:3,29
DA:5,29
DA:6,1
DA:9,28
DA:10,28
DA:14,11
LF:6
LH:6
BRDA:2,0,0,27
BRDA:5,1,0,1
BRDA:5,1,1,28
BRF:3
BRH:3
end_of_record
TN:
SF:src\Commons\exceptions\DomainErrorTranslator.js
FN:4,(anonymous_0)
FNF:1
FNH:1
FNDA:32,(anonymous_0)
DA:1,4
DA:3,4
DA:5,32
DA:9,4
DA:16,4
LF:5
LH:5
BRDA:5,0,0,32
BRDA:5,0,1,20
BRF:2
BRH:2
end_of_record
TN:
SF:src\Commons\exceptions\InvariantError.js
FN:4,(anonymous_0)
FNF:1
FNH:1
FNDA:26,(anonymous_0)
DA:1,8
DA:5,26
DA:6,26
DA:10,8
LF:4
LH:4
BRF:0
BRH:0
end_of_record
TN:
SF:src\Commons\exceptions\NotFoundError.js
FN:4,(anonymous_0)
FNF:1
FNH:1
FNDA:1,(anonymous_0)
DA:1,1
DA:5,1
DA:6,1
DA:10,1
LF:4
LH:4
BRF:0
BRH:0
end_of_record
TN:
SF:src\Domains\authentications\AuthenticationRepository.js
FN:3,(anonymous_0)
FN:7,(anonymous_1)
FN:11,(anonymous_2)
FNF:3
FNH:3
FNDA:1,(anonymous_0)
FNDA:1,(anonymous_1)
FNDA:1,(anonymous_2)
DA:4,1
DA:8,1
DA:12,1
DA:16,5
LF:4
LH:4
BRF:0
BRH:0
end_of_record
TN:
SF:src\Domains\authentications\entities\NewAuth.js
FN:2,(anonymous_0)
FN:9,(anonymous_1)
FNF:2
FNH:2
FNDA:6,(anonymous_0)
FNDA:6,(anonymous_1)
DA:3,6
DA:5,4
DA:6,4
DA:10,6
DA:12,6
DA:13,1
DA:16,5
DA:17,1
DA:22,5
LF:9
LH:9
BRDA:12,0,0,1
BRDA:12,0,1,5
BRDA:12,1,0,6
BRDA:12,1,1,6
BRDA:16,2,0,1
BRDA:16,2,1,4
BRDA:16,3,0,5
BRDA:16,3,1,5
BRF:8
BRH:8
end_of_record
TN:
SF:src\Domains\users\UserRepository.js
FN:3,(anonymous_0)
FN:7,(anonymous_1)
FNF:2
FNH:2
FNDA:1,(anonymous_0)
FNDA:1,(anonymous_1)
DA:4,1
DA:8,1
DA:12,8
LF:3
LH:3
BRF:0
BRH:0
end_of_record
TN:
SF:src\Domains\users\entities\RegisterUser.js
FN:2,(anonymous_0)
FN:12,(anonymous_1)
FNF:2
FNH:2
FNDA:26,(anonymous_0)
FNDA:26,(anonymous_1)
DA:3,26
DA:5,14
DA:7,14
DA:8,14
DA:9,14
DA:13,26
DA:14,3
DA:17,23
DA:18,3
DA:21,20
DA:22,3
DA:25,17
DA:26,3
DA:31,7
LF:14
LH:14
BRDA:13,0,0,3
BRDA:13,0,1,23
BRDA:13,1,0,26
BRDA:13,1,1,24
BRDA:13,1,2,24
BRDA:17,2,0,3
BRDA:17,2,1,20
BRDA:17,3,0,23
BRDA:17,3,1,22
BRDA:17,3,2,22
BRDA:21,4,0,3
BRDA:21,4,1,17
BRDA:25,5,0,3
BRDA:25,5,1,14
BRF:14
BRH:14
end_of_record
TN:
SF:src\Domains\users\entities\RegisteredUser.js
FN:2,(anonymous_0)
FN:12,(anonymous_1)
FNF:2
FNH:2
FNDA:14,(anonymous_0)
FNDA:14,(anonymous_1)
DA:3,14
DA:5,12
DA:7,12
DA:8,12
DA:9,12
DA:13,14
DA:14,1
DA:17,13
DA:18,1
DA:23,7
LF:10
LH:10
BRDA:13,0,0,1
BRDA:13,0,1,13
BRDA:13,1,0,14
BRDA:13,1,1,13
BRDA:13,1,2,13
BRDA:17,2,0,1
BRDA:17,2,1,12
BRDA:17,3,0,13
BRDA:17,3,1,12
BRDA:17,3,2,12
BRF:10
BRH:10
end_of_record
TN:
SF:src\Domains\users\entities\UserLogin.js
FN:2,(anonymous_0)
FN:9,(anonymous_1)
FNF:2
FNH:2
FNDA:4,(anonymous_0)
FNDA:4,(anonymous_1)
DA:3,4
DA:5,2
DA:6,2
DA:10,4
DA:12,4
DA:13,1
DA:16,3
DA:17,1
DA:22,5
LF:9
LH:9
BRDA:12,0,0,1
BRDA:12,0,1,3
BRDA:12,1,0,4
BRDA:12,1,1,4
BRDA:16,2,0,1
BRDA:16,2,1,2
BRDA:16,3,0,3
BRDA:16,3,1,3
BRF:8
BRH:8
end_of_record
TN:
SF:src\Infrastructures\http\createServer.js
FN:7,(anonymous_0)
FN:24,(anonymous_1)
FNF:2
FNH:2
FNDA:28,(anonymous_0)
FNDA:30,(anonymous_1)
DA:1,3
DA:2,3
DA:3,3
DA:4,3
DA:5,3
DA:7,3
DA:8,28
DA:13,28
DA:24,28
DA:26,30
DA:28,30
DA:30,27
DA:33,27
DA:34,11
DA:38,11
DA:39,11
DA:43,16
DA:44,1
DA:48,15
DA:52,15
DA:53,15
DA:57,3
DA:60,28
DA:63,3
LF:24
LH:24
BRDA:28,0,0,27
BRDA:28,0,1,3
BRDA:33,1,0,11
BRDA:33,1,1,16
BRDA:43,2,0,1
BRDA:43,2,1,15
BRF:6
BRH:6
end_of_record
TN:
SF:src\Infrastructures\repository\UserRepositoryPostgres.js
FN:6,(anonymous_0)
FN:12,(anonymous_1)
FN:25,(anonymous_2)
FNF:3
FNH:3
FNDA:15,(anonymous_0)
FNDA:11,(anonymous_1)
FNDA:8,(anonymous_2)
DA:1,5
DA:2,5
DA:3,5
DA:7,15
DA:8,15
DA:9,15
DA:13,11
DA:18,11
DA:20,11
DA:21,5
DA:26,8
DA:27,8
DA:29,8
DA:34,8
DA:36,7
DA:40,5
LF:16
LH:16
BRDA:20,0,0,5
BRDA:20,0,1,6
BRF:2
BRH:2
end_of_record
TN:
SF:src\Infrastructures\security\BcryptPasswordHash.js
FN:4,(anonymous_0)
FN:10,(anonymous_1)
FNF:2
FNH:2
FNDA:4,(anonymous_0)
FNDA:5,(anonymous_1)
DA:1,4
DA:5,4
DA:6,4
DA:7,4
DA:11,5
DA:15,4
LF:6
LH:6
BRDA:4,0,0,4
BRF:1
BRH:1
end_of_record
TN:
SF:src\Infrastructures\security\JwtTokenManager.js
FN:5,(anonymous_0)
FN:10,(anonymous_1)
FN:14,(anonymous_2)
FN:18,(anonymous_3)
FN:27,(anonymous_4)
FNF:5
FNH:3
FNDA:5,(anonymous_0)
FNDA:3,(anonymous_1)
FNDA:2,(anonymous_2)
FNDA:0,(anonymous_3)
FNDA:0,(anonymous_4)
DA:1,1
DA:2,1
DA:6,5
DA:7,5
DA:11,3
DA:15,2
DA:19,0
DA:20,0
DA:21,0
DA:23,0
DA:28,0
DA:29,0
DA:33,1
LF:13
LH:7
BRF:0
BRH:0
end_of_record
TN:
SF:src\Interfaces\http\api\authentications\handler.js
FN:6,(anonymous_0)
FN:14,(anonymous_1)
FN:28,(anonymous_2)
FN:41,(anonymous_3)
FNF:4
FNH:4
FNDA:28,(anonymous_0)
FNDA:6,(anonymous_1)
FNDA:3,(anonymous_2)
FNDA:4,(anonymous_3)
DA:1,3
DA:2,3
DA:3,3
DA:7,28
DA:9,28
DA:10,28
DA:11,28
DA:15,6
DA:16,0
DA:17,0
DA:24,0
DA:25,0
DA:29,3
DA:31,0
DA:33,0
DA:42,4
DA:43,0
DA:44,0
DA:50,3
LF:19
LH:11
BRF:0
BRH:0
end_of_record
TN:
SF:src\Interfaces\http\api\authentications\index.js
FN:6,(anonymous_0)
FNF:1
FNH:1
FNDA:28,(anonymous_0)
DA:1,3
DA:2,3
DA:4,3
DA:7,28
DA:8,28
LF:5
LH:5
BRF:0
BRH:0
end_of_record
TN:
SF:src\Interfaces\http\api\authentications\routes.js
FN:1,(anonymous_0)
FNF:1
FNH:1
FNDA:28,(anonymous_0)
DA:1,28
DA:19,3
LF:2
LH:2
BRF:0
BRH:0
end_of_record
TN:
SF:src\Interfaces\http\api\users\handler.js
FN:4,(anonymous_0)
FN:10,(anonymous_1)
FNF:2
FNH:2
FNDA:28,(anonymous_0)
FNDA:16,(anonymous_1)
DA:1,3
DA:5,28
DA:7,28
DA:11,16
DA:12,15
DA:14,3
DA:20,3
DA:21,3
DA:25,3
LF:9
LH:9
BRF:0
BRH:0
end_of_record
TN:
SF:src\Interfaces\http\api\users\index.js
FN:6,(anonymous_0)
FNF:1
FNH:1
FNDA:28,(anonymous_0)
DA:1,3
DA:2,3
DA:4,3
DA:7,28
DA:8,28
LF:5
LH:5
BRF:0
BRH:0
end_of_record
TN:
SF:src\Interfaces\http\api\users\routes.js
FN:1,(anonymous_0)
FNF:1
FNH:1
FNDA:28,(anonymous_0)
DA:1,28
DA:9,3
LF:2
LH:2
BRF:0
BRH:0
end_of_record
